<?xml version="1.0" encoding="UTF-8" ?>
<testsuite errors="0" failures="0" hostname="Felix-PC" name="test.ui.wizard.WizardTestSelenium" tests="1" time="34.184" timestamp="2013-06-20T12:38:28">
  <properties>
[...]
</properties>
  <testcase classname="test.ui.wizard.WizardTestSelenium" name="testwizard" time="23.646" />
  <system-out><![CDATA[POST sucessfully sent
POST sucessfully sent
]]></system-out>
  <system-err><![CDATA[log4j:WARN No appenders could be found for logger (org.apache.http.impl.conn.tsccm.ThreadSafeClientConnManager).
log4j:WARN Please initialize the log4j system properly.
log4j:WARN See http://logging.apache.org/log4j/1.2/faq.html#noconfig for more info.
]]></system-err>
</testsuite>
